{"L":"INFO","T":"2021-11-19T20:00:10+03:00","C":"/home/jwmdev/Development/go/github/dit/sample_gateway/app.go:35","M":"GRM is shutting down...  👋 !"}
{"L":"INFO","T":"2021-11-20T12:04:11+03:00","C":"/home/om4k31/projects/techlads/GMS/app.go:34","M":"GRM is shutting down...  👋 !"}
{"L":"INFO","T":"2021-11-20T16:48:35+03:00","C":"/home/om4k31/projects/techlads/GMS/app.go:34","M":"GRM is shutting down...  👋 !"}
{"L":"INFO","T":"2021-11-27T02:49:25+03:00","C":"/home/om4k31/projects/techlads/GMS/app.go:34","M":"GRM is shutting down...  👋 !"}
{"L":"INFO","T":"2021-11-27T02:53:02+03:00","C":"/home/om4k31/projects/techlads/GMS/app.go:34","M":"GRM is shutting down...  👋 !"}
{"L":"INFO","T":"2021-11-27T03:00:58+03:00","C":"/home/om4k31/projects/techlads/GMS/app.go:34","M":"GRM is shutting down...  👋 !"}
{"L":"INFO","T":"2021-11-27T03:01:57+03:00","C":"/home/om4k31/projects/techlads/GMS/app.go:34","M":"GRM is shutting down...  👋 !"}
{"L":"INFO","T":"2021-11-27T03:02:34+03:00","C":"/home/om4k31/projects/techlads/GMS/app.go:34","M":"GRM is shutting down...  👋 !"}
{"L":"INFO","T":"2021-11-27T03:03:25+03:00","C":"/home/om4k31/projects/techlads/GMS/app.go:34","M":"GRM is shutting down...  👋 !"}
{"L":"INFO","T":"2021-11-27T03:04:22+03:00","C":"/home/om4k31/projects/techlads/GMS/app.go:34","M":"GRM is shutting down...  👋 !"}
{"L":"INFO","T":"2021-11-27T03:05:58+03:00","C":"/home/om4k31/projects/techlads/GMS/app.go:34","M":"GRM is shutting down...  👋 !"}
{"L":"INFO","T":"2021-11-27T03:08:02+03:00","C":"/home/om4k31/projects/techlads/GMS/app.go:34","M":"GRM is shutting down...  👋 !"}
{"L":"INFO","T":"2021-11-27T03:08:31+03:00","C":"/home/om4k31/projects/techlads/GMS/app.go:34","M":"GRM is shutting down...  👋 !"}
{"L":"INFO","T":"2021-11-27T03:11:17+03:00","C":"/home/om4k31/projects/techlads/GMS/app.go:34","M":"GRM is shutting down...  👋 !"}
{"L":"INFO","T":"2021-11-27T03:14:47+03:00","C":"/home/om4k31/projects/techlads/GMS/app.go:34","M":"GRM is shutting down...  👋 !"}
{"L":"INFO","T":"2021-11-27T03:15:30+03:00","C":"/home/om4k31/projects/techlads/GMS/app.go:34","M":"GRM is shutting down...  👋 !"}
{"L":"INFO","T":"2021-11-27T03:17:20+03:00","C":"/home/om4k31/projects/techlads/GMS/app.go:34","M":"GRM is shutting down...  👋 !"}
{"L":"INFO","T":"2021-11-27T03:20:44+03:00","C":"/home/om4k31/projects/techlads/GMS/app.go:34","M":"GRM is shutting down...  👋 !"}
{"L":"INFO","T":"2021-11-27T10:27:28+03:00","C":"/home/om4k31/projects/techlads/GMS/app.go:34","M":"GRM is shutting down...  👋 !"}
{"L":"INFO","T":"2021-11-27T10:37:35+03:00","C":"/home/om4k31/projects/techlads/GMS/app.go:34","M":"GRM is shutting down...  👋 !"}
{"L":"INFO","T":"2021-11-27T10:43:55+03:00","C":"/home/om4k31/projects/techlads/GMS/app.go:34","M":"GRM is shutting down...  👋 !"}
{"L":"INFO","T":"2021-11-27T23:15:40+03:00","C":"/home/om4k31/projects/techlads/GMS/app.go:34","M":"GRM is shutting down...  👋 !"}
{"L":"INFO","T":"2021-11-27T23:23:46+03:00","C":"/home/om4k31/projects/techlads/GMS/app.go:34","M":"GRM is shutting down...  👋 !"}
{"L":"INFO","T":"2021-11-27T23:27:43+03:00","C":"/home/om4k31/projects/techlads/GMS/app.go:34","M":"GRM is shutting down...  👋 !"}
{"L":"INFO","T":"2021-11-27T23:29:19+03:00","C":"/home/om4k31/projects/techlads/GMS/app.go:34","M":"GRM is shutting down...  👋 !"}
{"L":"INFO","T":"2021-11-27T23:29:42+03:00","C":"/home/om4k31/projects/techlads/GMS/app.go:34","M":"GRM is shutting down...  👋 !"}
{"L":"INFO","T":"2021-11-27T23:37:52+03:00","C":"/home/om4k31/projects/techlads/GMS/app.go:34","M":"GRM is shutting down...  👋 !"}
{"L":"INFO","T":"2021-11-27T23:38:14+03:00","C":"/home/om4k31/projects/techlads/GMS/app.go:34","M":"GRM is shutting down...  👋 !"}
{"L":"INFO","T":"2021-11-27T23:39:44+03:00","C":"/home/om4k31/projects/techlads/GMS/app.go:34","M":"GRM is shutting down...  👋 !"}
{"L":"INFO","T":"2021-11-27T23:40:40+03:00","C":"/home/om4k31/projects/techlads/GMS/app.go:34","M":"GRM is shutting down...  👋 !"}
{"L":"INFO","T":"2021-11-27T23:41:14+03:00","C":"/home/om4k31/projects/techlads/GMS/app.go:34","M":"GRM is shutting down...  👋 !"}
{"L":"INFO","T":"2021-11-27T23:42:03+03:00","C":"/home/om4k31/projects/techlads/GMS/app.go:34","M":"GRM is shutting down...  👋 !"}
{"L":"INFO","T":"2021-11-27T23:45:15+03:00","C":"/home/om4k31/projects/techlads/GMS/app.go:34","M":"GRM is shutting down...  👋 !"}
{"L":"INFO","T":"2021-11-27T23:47:04+03:00","C":"/home/om4k31/projects/techlads/GMS/app.go:34","M":"GRM is shutting down...  👋 !"}
{"L":"INFO","T":"2021-11-27T23:55:28+03:00","C":"/home/om4k31/projects/techlads/GMS/app.go:34","M":"GRM is shutting down...  👋 !"}
{"L":"INFO","T":"2021-11-27T23:56:17+03:00","C":"/home/om4k31/projects/techlads/GMS/app.go:34","M":"GRM is shutting down...  👋 !"}
{"L":"INFO","T":"2021-11-28T00:03:06+03:00","C":"/home/om4k31/projects/techlads/GMS/app.go:34","M":"GRM is shutting down...  👋 !"}
{"L":"INFO","T":"2021-11-28T00:16:30+03:00","C":"/home/om4k31/projects/techlads/GMS/app.go:34","M":"GRM is shutting down...  👋 !"}
{"L":"INFO","T":"2021-11-28T00:17:17+03:00","C":"/home/om4k31/projects/techlads/GMS/app.go:34","M":"GRM is shutting down...  👋 !"}
{"L":"INFO","T":"2021-11-28T00:21:42+03:00","C":"/home/om4k31/projects/techlads/GMS/app.go:34","M":"GRM is shutting down...  👋 !"}
{"L":"INFO","T":"2021-11-28T00:23:59+03:00","C":"/home/om4k31/projects/techlads/GMS/app.go:34","M":"GRM is shutting down...  👋 !"}
{"L":"INFO","T":"2021-11-28T00:26:41+03:00","C":"/home/om4k31/projects/techlads/GMS/app.go:34","M":"GRM is shutting down...  👋 !"}
{"L":"INFO","T":"2021-11-28T00:27:38+03:00","C":"/home/om4k31/projects/techlads/GMS/app.go:34","M":"GRM is shutting down...  👋 !"}
{"L":"INFO","T":"2021-11-28T00:28:44+03:00","C":"/home/om4k31/projects/techlads/GMS/app.go:34","M":"GRM is shutting down...  👋 !"}
{"L":"INFO","T":"2021-11-28T00:31:25+03:00","C":"/home/om4k31/projects/techlads/GMS/app.go:34","M":"GRM is shutting down...  👋 !"}
{"L":"INFO","T":"2021-11-28T00:41:32+03:00","C":"/home/om4k31/projects/techlads/GMS/app.go:34","M":"GRM is shutting down...  👋 !"}
{"L":"INFO","T":"2021-11-28T00:44:21+03:00","C":"/home/om4k31/projects/techlads/GMS/app.go:34","M":"GRM is shutting down...  👋 !"}
{"L":"INFO","T":"2021-11-28T00:45:32+03:00","C":"/home/om4k31/projects/techlads/GMS/app.go:34","M":"GRM is shutting down...  👋 !"}
{"L":"INFO","T":"2021-11-28T00:46:44+03:00","C":"/home/om4k31/projects/techlads/GMS/app.go:34","M":"GRM is shutting down...  👋 !"}
{"L":"INFO","T":"2021-11-28T00:55:09+03:00","C":"/home/om4k31/projects/techlads/GMS/app.go:34","M":"GRM is shutting down...  👋 !"}
{"L":"INFO","T":"2021-11-28T00:55:56+03:00","C":"/home/om4k31/projects/techlads/GMS/app.go:34","M":"GRM is shutting down...  👋 !"}
{"L":"INFO","T":"2021-11-28T00:59:14+03:00","C":"/home/om4k31/projects/techlads/GMS/app.go:34","M":"GRM is shutting down...  👋 !"}
{"L":"INFO","T":"2021-11-28T01:03:42+03:00","C":"/home/om4k31/projects/techlads/GMS/app.go:34","M":"GRM is shutting down...  👋 !"}
{"L":"INFO","T":"2021-11-28T01:05:52+03:00","C":"/home/om4k31/projects/techlads/GMS/app.go:34","M":"GRM is shutting down...  👋 !"}
{"L":"INFO","T":"2021-11-28T01:09:54+03:00","C":"/home/om4k31/projects/techlads/GMS/app.go:34","M":"GRM is shutting down...  👋 !"}
{"L":"INFO","T":"2021-11-28T01:10:58+03:00","C":"/home/om4k31/projects/techlads/GMS/app.go:34","M":"GRM is shutting down...  👋 !"}
{"L":"INFO","T":"2021-11-28T01:12:50+03:00","C":"/home/om4k31/projects/techlads/GMS/app.go:34","M":"GRM is shutting down...  👋 !"}
{"L":"INFO","T":"2021-11-28T01:13:58+03:00","C":"/home/om4k31/projects/techlads/GMS/app.go:34","M":"GRM is shutting down...  👋 !"}
{"L":"INFO","T":"2021-11-28T01:18:50+03:00","C":"/home/om4k31/projects/techlads/GMS/app.go:34","M":"GRM is shutting down...  👋 !"}
{"L":"INFO","T":"2021-11-28T01:25:44+03:00","C":"/home/om4k31/projects/techlads/GMS/app.go:34","M":"GRM is shutting down...  👋 !"}
{"L":"INFO","T":"2021-11-28T01:32:05+03:00","C":"/home/om4k31/projects/techlads/GMS/app.go:34","M":"GRM is shutting down...  👋 !"}
{"L":"INFO","T":"2021-11-28T01:38:42+03:00","C":"/home/om4k31/projects/techlads/GMS/app.go:34","M":"GRM is shutting down...  👋 !"}
{"L":"INFO","T":"2021-11-28T11:15:58+03:00","C":"/home/om4k31/projects/techlads/GMS/app.go:35","M":"GRM is shutting down...  👋 !"}
{"L":"INFO","T":"2021-11-28T11:17:45+03:00","C":"/home/om4k31/projects/techlads/GMS/app.go:34","M":"GRM is shutting down...  👋 !"}
{"L":"INFO","T":"2021-11-28T11:19:37+03:00","C":"/home/om4k31/projects/techlads/GMS/app.go:34","M":"GRM is shutting down...  👋 !"}
{"L":"INFO","T":"2021-11-28T11:21:49+03:00","C":"/home/om4k31/projects/techlads/GMS/app.go:34","M":"GRM is shutting down...  👋 !"}
{"L":"INFO","T":"2021-11-28T11:24:49+03:00","C":"/home/om4k31/projects/techlads/GMS/app.go:34","M":"GRM is shutting down...  👋 !"}
{"L":"INFO","T":"2021-11-28T11:25:49+03:00","C":"/home/om4k31/projects/techlads/GMS/app.go:34","M":"GRM is shutting down...  👋 !"}
{"L":"INFO","T":"2021-11-28T11:29:28+03:00","C":"/home/om4k31/projects/techlads/GMS/app.go:34","M":"GRM is shutting down...  👋 !"}
{"L":"INFO","T":"2021-11-28T11:34:58+03:00","C":"/home/om4k31/projects/techlads/GMS/app.go:34","M":"GRM is shutting down...  👋 !"}
{"L":"INFO","T":"2021-11-28T12:10:47+03:00","C":"/home/om4k31/projects/techlads/GMS/app.go:34","M":"GRM is shutting down...  👋 !"}
{"L":"INFO","T":"2021-11-28T12:12:51+03:00","C":"/home/om4k31/projects/techlads/GMS/app.go:34","M":"GRM is shutting down...  👋 !"}
{"L":"INFO","T":"2021-11-28T12:14:45+03:00","C":"/home/om4k31/projects/techlads/GMS/app.go:34","M":"GRM is shutting down...  👋 !"}
{"L":"INFO","T":"2021-11-28T12:17:02+03:00","C":"/home/om4k31/projects/techlads/GMS/app.go:34","M":"GRM is shutting down...  👋 !"}
{"L":"INFO","T":"2021-11-28T12:18:20+03:00","C":"/home/om4k31/projects/techlads/GMS/app.go:34","M":"GRM is shutting down...  👋 !"}
{"L":"INFO","T":"2021-11-28T12:22:37+03:00","C":"/home/om4k31/projects/techlads/GMS/app.go:34","M":"GRM is shutting down...  👋 !"}
{"L":"INFO","T":"2021-11-28T12:24:56+03:00","C":"/home/om4k31/projects/techlads/GMS/app.go:34","M":"GRM is shutting down...  👋 !"}
{"L":"INFO","T":"2021-11-28T12:27:24+03:00","C":"/home/om4k31/projects/techlads/GMS/app.go:34","M":"GRM is shutting down...  👋 !"}
{"L":"INFO","T":"2021-11-28T12:28:34+03:00","C":"/home/om4k31/projects/techlads/GMS/app.go:34","M":"GRM is shutting down...  👋 !"}
{"L":"INFO","T":"2021-11-28T12:30:15+03:00","C":"/home/om4k31/projects/techlads/GMS/app.go:34","M":"GRM is shutting down...  👋 !"}
{"L":"INFO","T":"2021-11-28T12:31:24+03:00","C":"/home/om4k31/projects/techlads/GMS/app.go:34","M":"GRM is shutting down...  👋 !"}
{"L":"INFO","T":"2021-11-28T12:33:22+03:00","C":"/home/om4k31/projects/techlads/GMS/app.go:34","M":"GRM is shutting down...  👋 !"}
{"L":"INFO","T":"2021-11-28T12:35:54+03:00","C":"/home/om4k31/projects/techlads/GMS/app.go:34","M":"GRM is shutting down...  👋 !"}
{"L":"INFO","T":"2021-11-28T12:37:10+03:00","C":"/home/om4k31/projects/techlads/GMS/app.go:34","M":"GRM is shutting down...  👋 !"}
{"L":"INFO","T":"2021-11-28T12:39:46+03:00","C":"/home/om4k31/projects/techlads/GMS/app.go:34","M":"GRM is shutting down...  👋 !"}
{"L":"INFO","T":"2021-11-28T12:41:04+03:00","C":"/home/om4k31/projects/techlads/GMS/app.go:34","M":"GRM is shutting down...  👋 !"}
{"L":"INFO","T":"2021-11-28T12:42:31+03:00","C":"/home/om4k31/projects/techlads/GMS/app.go:34","M":"GRM is shutting down...  👋 !"}
{"L":"INFO","T":"2021-11-28T12:44:49+03:00","C":"/home/om4k31/projects/techlads/GMS/app.go:34","M":"GRM is shutting down...  👋 !"}
{"L":"INFO","T":"2021-11-28T14:24:15+03:00","C":"/home/om4k31/projects/techlads/GMS/app.go:34","M":"GRM is shutting down...  👋 !"}
{"L":"INFO","T":"2021-11-28T14:29:48+03:00","C":"/home/om4k31/projects/techlads/GMS/app.go:34","M":"GRM is shutting down...  👋 !"}
{"L":"INFO","T":"2021-11-28T14:33:21+03:00","C":"/home/om4k31/projects/techlads/GMS/app.go:34","M":"GRM is shutting down...  👋 !"}
{"L":"INFO","T":"2021-11-28T14:42:21+03:00","C":"/home/om4k31/projects/techlads/GMS/app.go:34","M":"GRM is shutting down...  👋 !"}
{"L":"INFO","T":"2021-11-28T14:47:26+03:00","C":"/home/om4k31/projects/techlads/GMS/app.go:34","M":"GRM is shutting down...  👋 !"}
{"L":"INFO","T":"2021-11-28T14:52:06+03:00","C":"/home/om4k31/projects/techlads/GMS/app.go:34","M":"GRM is shutting down...  👋 !"}
{"L":"INFO","T":"2021-11-28T14:54:32+03:00","C":"/home/om4k31/projects/techlads/GMS/app.go:34","M":"GRM is shutting down...  👋 !"}
{"L":"INFO","T":"2021-11-30T03:20:47+03:00","C":"/home/om4k31/projects/techlads/GMS/app.go:34","M":"GRM is shutting down...  👋 !"}
{"L":"INFO","T":"2021-11-30T03:22:23+03:00","C":"/home/om4k31/projects/techlads/GMS/app.go:34","M":"GRM is shutting down...  👋 !"}
{"L":"INFO","T":"2021-11-30T03:25:03+03:00","C":"/home/om4k31/projects/techlads/GMS/app.go:34","M":"GRM is shutting down...  👋 !"}
{"L":"INFO","T":"2021-11-30T03:29:55+03:00","C":"/home/om4k31/projects/techlads/GMS/app.go:34","M":"GRM is shutting down...  👋 !"}
{"L":"INFO","T":"2021-11-30T03:36:10+03:00","C":"/home/om4k31/projects/techlads/GMS/app.go:34","M":"GRM is shutting down...  👋 !"}
{"L":"INFO","T":"2021-11-30T03:43:45+03:00","C":"/home/om4k31/projects/techlads/GMS/app.go:34","M":"GRM is shutting down...  👋 !"}
{"L":"INFO","T":"2021-11-30T03:46:07+03:00","C":"/home/om4k31/projects/techlads/GMS/app.go:34","M":"GRM is shutting down...  👋 !"}
{"L":"INFO","T":"2021-11-30T03:54:55+03:00","C":"/home/om4k31/projects/techlads/GMS/app.go:34","M":"GRM is shutting down...  👋 !"}
{"L":"INFO","T":"2021-11-30T03:59:08+03:00","C":"/home/om4k31/projects/techlads/GMS/app.go:34","M":"GRM is shutting down...  👋 !"}
{"L":"INFO","T":"2021-11-30T04:04:58+03:00","C":"/home/om4k31/projects/techlads/GMS/app.go:34","M":"GRM is shutting down...  👋 !"}
{"L":"INFO","T":"2021-11-30T04:05:57+03:00","C":"/home/om4k31/projects/techlads/GMS/app.go:34","M":"GRM is shutting down...  👋 !"}
{"L":"INFO","T":"2021-11-30T04:20:58+03:00","C":"/home/om4k31/projects/techlads/GMS/app.go:34","M":"GRM is shutting down...  👋 !"}
{"L":"INFO","T":"2021-12-01T14:06:26+03:00","C":"/home/om4k31/projects/techlads/GMS/app.go:34","M":"GRM is shutting down...  👋 !"}
{"L":"INFO","T":"2021-12-01T15:37:04+03:00","C":"/home/om4k31/projects/techlads/GMS/app.go:34","M":"GRM is shutting down...  👋 !"}
{"L":"INFO","T":"2021-12-05T13:00:04+03:00","C":"/home/om4k31/projects/techlads/GMS/app.go:34","M":"GRM is shutting down...  👋 !"}
{"L":"INFO","T":"2021-12-05T13:11:20+03:00","C":"/home/om4k31/projects/techlads/GMS/app.go:34","M":"GRM is shutting down...  👋 !"}
{"L":"INFO","T":"2021-12-05T13:18:14+03:00","C":"/home/om4k31/projects/techlads/GMS/app.go:34","M":"GRM is shutting down...  👋 !"}
{"L":"INFO","T":"2021-12-05T13:37:49+03:00","C":"/home/om4k31/projects/techlads/GMS/app.go:34","M":"GRM is shutting down...  👋 !"}
{"L":"INFO","T":"2021-12-05T14:07:35+03:00","C":"/home/om4k31/projects/techlads/GMS/app.go:34","M":"GRM is shutting down...  👋 !"}
{"L":"INFO","T":"2021-12-05T14:09:35+03:00","C":"/home/om4k31/projects/techlads/GMS/app.go:34","M":"GRM is shutting down...  👋 !"}
{"L":"INFO","T":"2021-12-05T14:22:04+03:00","C":"/home/om4k31/projects/techlads/GMS/app.go:34","M":"GRM is shutting down...  👋 !"}
{"L":"INFO","T":"2021-12-05T14:44:08+03:00","C":"/home/om4k31/projects/techlads/GMS/app.go:34","M":"GRM is shutting down...  👋 !"}
{"L":"INFO","T":"2021-12-05T15:04:34+03:00","C":"/home/om4k31/projects/techlads/GMS/app.go:34","M":"GRM is shutting down...  👋 !"}
{"L":"INFO","T":"2021-12-05T15:08:50+03:00","C":"/home/om4k31/projects/techlads/GMS/app.go:34","M":"GRM is shutting down...  👋 !"}
{"L":"INFO","T":"2021-12-05T15:15:06+03:00","C":"/home/om4k31/projects/techlads/GMS/app.go:34","M":"GRM is shutting down...  👋 !"}
{"L":"INFO","T":"2021-12-05T15:34:10+03:00","C":"/home/om4k31/projects/techlads/GMS/app.go:34","M":"GRM is shutting down...  👋 !"}
{"L":"INFO","T":"2021-12-05T15:42:26+03:00","C":"/home/om4k31/projects/techlads/GMS/app.go:34","M":"GRM is shutting down...  👋 !"}
{"L":"INFO","T":"2021-12-05T16:15:53+03:00","C":"/home/om4k31/projects/techlads/GMS/app.go:34","M":"GRM is shutting down...  👋 !"}
{"L":"INFO","T":"2021-12-05T16:28:45+03:00","C":"/home/om4k31/projects/techlads/GMS/app.go:34","M":"GRM is shutting down...  👋 !"}
{"L":"INFO","T":"2021-12-05T16:52:16+03:00","C":"/home/om4k31/projects/techlads/GMS/app.go:34","M":"GRM is shutting down...  👋 !"}
{"L":"INFO","T":"2021-12-05T16:54:37+03:00","C":"/home/om4k31/projects/techlads/GMS/app.go:34","M":"GRM is shutting down...  👋 !"}
{"L":"INFO","T":"2021-12-05T17:08:57+03:00","C":"/home/om4k31/projects/techlads/GMS/app.go:34","M":"GRM is shutting down...  👋 !"}
{"L":"INFO","T":"2021-12-05T17:09:40+03:00","C":"/home/om4k31/projects/techlads/GMS/app.go:34","M":"GRM is shutting down...  👋 !"}
{"L":"INFO","T":"2021-12-05T17:18:19+03:00","C":"/home/om4k31/projects/techlads/GMS/app.go:34","M":"GRM is shutting down...  👋 !"}
{"L":"INFO","T":"2021-12-05T17:40:11+03:00","C":"/home/om4k31/projects/techlads/GMS/app.go:34","M":"GRM is shutting down...  👋 !"}
{"L":"INFO","T":"2021-12-05T17:55:13+03:00","C":"/home/om4k31/projects/techlads/GMS/app.go:34","M":"GRM is shutting down...  👋 !"}
{"L":"INFO","T":"2021-12-05T17:57:01+03:00","C":"/home/om4k31/projects/techlads/GMS/app.go:34","M":"GRM is shutting down...  👋 !"}
{"L":"INFO","T":"2021-12-05T17:59:03+03:00","C":"/home/om4k31/projects/techlads/GMS/app.go:34","M":"GRM is shutting down...  👋 !"}
{"L":"INFO","T":"2021-12-05T18:20:39+03:00","C":"/home/om4k31/projects/techlads/GMS/app.go:34","M":"GRM is shutting down...  👋 !"}
{"L":"INFO","T":"2021-12-05T18:38:14+03:00","C":"/home/om4k31/projects/techlads/GMS/app.go:34","M":"GRM is shutting down...  👋 !"}
{"L":"INFO","T":"2021-12-05T18:40:16+03:00","C":"/home/om4k31/projects/techlads/GMS/app.go:34","M":"GRM is shutting down...  👋 !"}
{"L":"INFO","T":"2021-12-05T18:42:46+03:00","C":"/home/om4k31/projects/techlads/GMS/app.go:34","M":"GRM is shutting down...  👋 !"}
{"L":"INFO","T":"2021-12-05T18:45:50+03:00","C":"/home/om4k31/projects/techlads/GMS/app.go:34","M":"GRM is shutting down...  👋 !"}
{"L":"INFO","T":"2021-12-05T18:47:20+03:00","C":"/home/om4k31/projects/techlads/GMS/app.go:34","M":"GRM is shutting down...  👋 !"}
{"L":"INFO","T":"2021-12-05T23:38:04+03:00","C":"/home/om4k31/projects/techlads/GMS/app.go:34","M":"GRM is shutting down...  👋 !"}
{"L":"INFO","T":"2021-12-06T01:14:49+03:00","C":"/home/om4k31/projects/techlads/GMS/app.go:34","M":"GRM is shutting down...  👋 !"}
{"L":"INFO","T":"2021-12-06T01:24:48+03:00","C":"/home/om4k31/projects/techlads/GMS/app.go:34","M":"GRM is shutting down...  👋 !"}
{"L":"INFO","T":"2021-12-06T01:39:49+03:00","C":"/home/om4k31/projects/techlads/GMS/app.go:34","M":"GRM is shutting down...  👋 !"}
{"L":"INFO","T":"2021-12-06T01:46:08+03:00","C":"/home/om4k31/projects/techlads/GMS/app.go:34","M":"GRM is shutting down...  👋 !"}
{"L":"INFO","T":"2021-12-11T08:06:43-08:00","C":"C:/Users/Lawrence Mbise/Documents/techlads/GMS/app.go:34","M":"GRM is shutting down...  👋 !"}
{"L":"INFO","T":"2021-12-11T08:20:41-08:00","C":"C:/Users/Lawrence Mbise/Documents/techlads/GMS/app.go:34","M":"GRM is shutting down...  👋 !"}
{"L":"INFO","T":"2021-12-11T08:34:19-08:00","C":"C:/Users/Lawrence Mbise/Documents/techlads/GMS/app.go:34","M":"GRM is shutting down...  👋 !"}
{"L":"INFO","T":"2021-12-11T09:03:02-08:00","C":"C:/Users/Lawrence Mbise/Documents/techlads/GMS/app.go:34","M":"GRM is shutting down...  👋 !"}
{"L":"INFO","T":"2021-12-18T08:36:25-08:00","C":"C:/Users/Lawrence Mbise/Documents/techlads/GMS/app.go:34","M":"GRM is shutting down...  👋 !"}
{"L":"INFO","T":"2021-12-18T09:29:05-08:00","C":"C:/Users/Lawrence Mbise/Documents/techlads/GMS/app.go:34","M":"GRM is shutting down...  👋 !"}
{"L":"INFO","T":"2021-12-20T05:08:11-08:00","C":"C:/Users/Lawrence Mbise/Documents/techlads/GMS/app.go:34","M":"GRM is shutting down...  👋 !"}
{"L":"INFO","T":"2021-12-22T17:46:35+03:00","C":"C:/Users/Lawrence Mbise/Documents/techlads/GMS/app.go:34","M":"GRM is shutting down...  👋 !"}
{"L":"INFO","T":"2022-01-04T14:56:01+03:00","C":"C:/Users/Lawrence Mbise/Documents/techlads/GMS/app.go:34","M":"GRM is shutting down...  👋 !"}
{"L":"INFO","T":"2022-01-05T10:36:42+03:00","C":"C:/Users/Lawrence Mbise/Documents/techlads/GMS/app.go:34","M":"GRM is shutting down...  👋 !"}
{"L":"INFO","T":"2022-01-05T10:39:37+03:00","C":"C:/Users/Lawrence Mbise/Documents/techlads/GMS/app.go:34","M":"GRM is shutting down...  👋 !"}
{"L":"INFO","T":"2022-01-05T12:00:56+03:00","C":"C:/Users/Lawrence Mbise/Documents/techlads/GMS/app.go:34","M":"GRM is shutting down...  👋 !"}
{"L":"INFO","T":"2022-01-05T12:06:33+03:00","C":"C:/Users/Lawrence Mbise/Documents/techlads/GMS/app.go:34","M":"GRM is shutting down...  👋 !"}
{"L":"INFO","T":"2022-02-28T16:21:47+03:00","C":"/home/grace/Downloads/Compressed/GMS-main/app.go:34","M":"GRM is shutting down...  👋 !"}
{"L":"INFO","T":"2022-07-13T05:18:02+03:00","C":"/home/grace/Music/GMS/GMS-main/app.go:34","M":"GRM is shutting down...  👋 !"}
{"L":"INFO","T":"2022-07-13T05:20:23+03:00","C":"/home/grace/Music/GMS/GMS-main/app.go:34","M":"GRM is shutting down...  👋 !"}
{"L":"INFO","T":"2022-07-13T06:25:39+03:00","C":"/home/grace/Music/GMS/GMS-main/app.go:34","M":"GRM is shutting down...  👋 !"}
{"L":"INFO","T":"2022-07-13T07:25:50+03:00","C":"/home/grace/Music/GMS/GMS-main/app.go:34","M":"GRM is shutting down...  👋 !"}
{"L":"INFO","T":"2022-07-15T07:15:03+03:00","C":"/home/grace/Music/GMS/GMS-main/app.go:34","M":"GRM is shutting down...  👋 !"}
{"L":"INFO","T":"2022-07-15T07:19:44+03:00","C":"/home/grace/Music/GMS/GMS-main/app.go:34","M":"GRM is shutting down...  👋 !"}
{"L":"INFO","T":"2022-07-15T07:26:57+03:00","C":"/home/grace/Music/GMS/GMS-main/app.go:34","M":"GRM is shutting down...  👋 !"}
{"L":"INFO","T":"2022-07-15T07:43:18+03:00","C":"/home/grace/Music/GMS/GMS-main/app.go:34","M":"GRM is shutting down...  👋 !"}
{"L":"INFO","T":"2022-07-15T08:24:19+03:00","C":"/home/grace/Music/GMS/GMS-main/app.go:34","M":"GRM is shutting down...  👋 !"}
{"L":"INFO","T":"2022-07-15T08:29:24+03:00","C":"/home/grace/Music/GMS/GMS-main/app.go:34","M":"GRM is shutting down...  👋 !"}
{"L":"INFO","T":"2022-07-15T08:30:55+03:00","C":"/home/grace/Music/GMS/GMS-main/app.go:34","M":"GRM is shutting down...  👋 !"}
{"L":"INFO","T":"2022-07-15T09:14:17+03:00","C":"/home/grace/Music/GMS/GMS-main/app.go:34","M":"GRM is shutting down...  👋 !"}
{"L":"INFO","T":"2022-07-15T12:54:38+03:00","C":"/home/grace/Music/GMS/GMS-main/app.go:34","M":"GRM is shutting down...  👋 !"}
{"L":"INFO","T":"2022-07-15T12:56:54+03:00","C":"/home/grace/Music/GMS/GMS-main/app.go:34","M":"GRM is shutting down...  👋 !"}
{"L":"INFO","T":"2022-07-15T12:59:11+03:00","C":"/home/grace/Music/GMS/GMS-main/app.go:34","M":"GRM is shutting down...  👋 !"}
{"L":"INFO","T":"2022-07-15T12:59:47+03:00","C":"/home/grace/Music/GMS/GMS-main/app.go:34","M":"GRM is shutting down...  👋 !"}
{"L":"INFO","T":"2022-07-15T13:08:53+03:00","C":"/home/grace/Music/GMS/GMS-main/app.go:34","M":"GRM is shutting down...  👋 !"}
{"L":"INFO","T":"2022-07-15T13:09:14+03:00","C":"/home/grace/Music/GMS/GMS-main/app.go:34","M":"GRM is shutting down...  👋 !"}
{"L":"INFO","T":"2022-07-15T13:09:47+03:00","C":"/home/grace/Music/GMS/GMS-main/app.go:34","M":"GRM is shutting down...  👋 !"}
{"L":"INFO","T":"2022-07-15T13:10:56+03:00","C":"/home/grace/Music/GMS/GMS-main/app.go:34","M":"GRM is shutting down...  👋 !"}
{"L":"INFO","T":"2022-07-15T13:11:34+03:00","C":"/home/grace/Music/GMS/GMS-main/app.go:34","M":"GRM is shutting down...  👋 !"}
{"L":"INFO","T":"2022-07-15T13:13:58+03:00","C":"/home/grace/Music/GMS/GMS-main/app.go:34","M":"GRM is shutting down...  👋 !"}
{"L":"INFO","T":"2022-07-15T13:17:23+03:00","C":"/home/grace/Music/GMS/GMS-main/app.go:34","M":"GRM is shutting down...  👋 !"}
{"L":"INFO","T":"2022-07-15T13:29:30+03:00","C":"/home/grace/Music/GMS/GMS-main/app.go:34","M":"GRM is shutting down...  👋 !"}
{"L":"INFO","T":"2022-07-15T13:31:23+03:00","C":"/home/grace/Music/GMS/GMS-main/app.go:34","M":"GRM is shutting down...  👋 !"}
{"L":"INFO","T":"2022-07-15T13:32:18+03:00","C":"/home/grace/Music/GMS/GMS-main/app.go:34","M":"GRM is shutting down...  👋 !"}
{"L":"INFO","T":"2022-07-15T13:54:04+03:00","C":"/home/grace/Music/GMS/GMS-main/app.go:34","M":"GRM is shutting down...  👋 !"}
{"L":"INFO","T":"2022-07-15T14:03:58+03:00","C":"/home/grace/Music/GMS/GMS-main/app.go:34","M":"GRM is shutting down...  👋 !"}
{"L":"INFO","T":"2022-07-15T14:04:30+03:00","C":"/home/grace/Music/GMS/GMS-main/app.go:34","M":"GRM is shutting down...  👋 !"}
{"L":"INFO","T":"2022-07-15T14:12:58+03:00","C":"/home/grace/Music/GMS/GMS-main/app.go:34","M":"GRM is shutting down...  👋 !"}
{"L":"INFO","T":"2022-07-15T14:13:32+03:00","C":"/home/grace/Music/GMS/GMS-main/app.go:34","M":"GRM is shutting down...  👋 !"}
{"L":"INFO","T":"2022-07-15T14:13:45+03:00","C":"/home/grace/Music/GMS/GMS-main/app.go:34","M":"GRM is shutting down...  👋 !"}
{"L":"INFO","T":"2022-07-15T14:24:24+03:00","C":"/home/grace/Music/GMS/GMS-main/app.go:34","M":"GRM is shutting down...  👋 !"}
{"L":"INFO","T":"2022-07-15T14:25:20+03:00","C":"/home/grace/Music/GMS/GMS-main/app.go:34","M":"GRM is shutting down...  👋 !"}
{"L":"INFO","T":"2022-07-15T14:25:49+03:00","C":"/home/grace/Music/GMS/GMS-main/app.go:34","M":"GRM is shutting down...  👋 !"}
{"L":"INFO","T":"2022-07-15T14:30:43+03:00","C":"/home/grace/Music/GMS/GMS-main/app.go:34","M":"GRM is shutting down...  👋 !"}
{"L":"INFO","T":"2022-07-15T14:57:28+03:00","C":"/home/grace/Music/GMS/GMS-main/app.go:34","M":"GRM is shutting down...  👋 !"}
{"L":"INFO","T":"2022-07-15T14:59:00+03:00","C":"/home/grace/Music/GMS/GMS-main/app.go:34","M":"GRM is shutting down...  👋 !"}
{"L":"INFO","T":"2022-07-15T15:00:40+03:00","C":"/home/grace/Music/GMS/GMS-main/app.go:34","M":"GRM is shutting down...  👋 !"}
{"L":"INFO","T":"2022-07-15T16:13:06+03:00","C":"/home/grace/Music/GMS/GMS-main/app.go:34","M":"GRM is shutting down...  👋 !"}
{"L":"INFO","T":"2022-07-15T16:15:22+03:00","C":"/home/grace/Music/GMS/GMS-main/app.go:34","M":"GRM is shutting down...  👋 !"}
{"L":"INFO","T":"2022-07-16T06:08:34+03:00","C":"/home/grace/Music/GMS/GMS-main/app.go:34","M":"GRM is shutting down...  👋 !"}
{"L":"INFO","T":"2022-07-16T06:17:07+03:00","C":"/home/grace/Music/GMS/GMS-main/app.go:34","M":"GRM is shutting down...  👋 !"}
{"L":"INFO","T":"2022-07-16T06:37:18+03:00","C":"/home/grace/Music/GMS/GMS-main/app.go:34","M":"GRM is shutting down...  👋 !"}
{"L":"INFO","T":"2022-07-16T07:06:32+03:00","C":"/home/grace/Music/GMS/GMS-main/app.go:34","M":"GRM is shutting down...  👋 !"}
{"L":"INFO","T":"2022-07-16T07:11:37+03:00","C":"/home/grace/Music/GMS/GMS-main/app.go:34","M":"GRM is shutting down...  👋 !"}
{"L":"INFO","T":"2022-07-16T07:12:35+03:00","C":"/home/grace/Music/GMS/GMS-main/app.go:34","M":"GRM is shutting down...  👋 !"}
{"L":"INFO","T":"2022-07-16T07:24:32+03:00","C":"/home/grace/Music/GMS/GMS-main/app.go:34","M":"GRM is shutting down...  👋 !"}
{"L":"INFO","T":"2022-07-16T07:30:56+03:00","C":"/home/grace/Music/GMS/GMS-main/app.go:34","M":"GRM is shutting down...  👋 !"}
{"L":"INFO","T":"2022-07-16T07:43:32+03:00","C":"/home/grace/Music/GMS/GMS-main/app.go:34","M":"GRM is shutting down...  👋 !"}
{"L":"INFO","T":"2022-07-16T07:47:10+03:00","C":"/home/grace/Music/GMS/GMS-main/app.go:34","M":"GRM is shutting down...  👋 !"}
{"L":"INFO","T":"2022-07-16T07:48:50+03:00","C":"/home/grace/Music/GMS/GMS-main/app.go:34","M":"GRM is shutting down...  👋 !"}
{"L":"INFO","T":"2022-07-16T07:50:10+03:00","C":"/home/grace/Music/GMS/GMS-main/app.go:34","M":"GRM is shutting down...  👋 !"}
{"L":"INFO","T":"2022-07-16T08:03:54+03:00","C":"/home/grace/Music/GMS/GMS-main/app.go:34","M":"GRM is shutting down...  👋 !"}
{"L":"INFO","T":"2022-07-16T08:07:01+03:00","C":"/home/grace/Music/GMS/GMS-main/app.go:34","M":"GRM is shutting down...  👋 !"}
{"L":"INFO","T":"2022-07-16T08:11:11+03:00","C":"/home/grace/Music/GMS/GMS-main/app.go:34","M":"GRM is shutting down...  👋 !"}
{"L":"INFO","T":"2022-07-16T08:11:45+03:00","C":"/home/grace/Music/GMS/GMS-main/app.go:34","M":"GRM is shutting down...  👋 !"}
{"L":"INFO","T":"2022-07-16T08:20:34+03:00","C":"/home/grace/Music/GMS/GMS-main/app.go:34","M":"GRM is shutting down...  👋 !"}
{"L":"INFO","T":"2022-07-16T08:35:28+03:00","C":"/home/grace/Music/GMS/GMS-main/app.go:34","M":"GRM is shutting down...  👋 !"}
{"L":"INFO","T":"2022-07-16T08:43:56+03:00","C":"/home/grace/Music/GMS/GMS-main/app.go:34","M":"GRM is shutting down...  👋 !"}
{"L":"INFO","T":"2022-07-16T08:50:53+03:00","C":"/home/grace/Music/GMS/GMS-main/app.go:34","M":"GRM is shutting down...  👋 !"}
{"L":"INFO","T":"2022-07-16T08:51:58+03:00","C":"/home/grace/Music/GMS/GMS-main/app.go:34","M":"GRM is shutting down...  👋 !"}
{"L":"INFO","T":"2022-07-16T09:03:42+03:00","C":"/home/grace/Music/GMS/GMS-main/app.go:34","M":"GRM is shutting down...  👋 !"}
{"L":"INFO","T":"2022-07-16T16:38:53+03:00","C":"/home/grace/Music/GMS/GMS-main/app.go:34","M":"GRM is shutting down...  👋 !"}
{"L":"INFO","T":"2022-07-19T15:01:37+03:00","C":"/home/grace/Music/GMS/GMS-main/app.go:34","M":"GRM is shutting down...  👋 !"}
{"L":"INFO","T":"2022-07-19T15:06:13+03:00","C":"/home/grace/Music/GMS/GMS-main/app.go:34","M":"GRM is shutting down...  👋 !"}
{"L":"INFO","T":"2022-07-19T15:13:07+03:00","C":"/home/grace/Music/GMS/GMS-main/app.go:34","M":"GRM is shutting down...  👋 !"}
{"L":"INFO","T":"2022-07-19T15:13:41+03:00","C":"/home/grace/Music/GMS/GMS-main/app.go:34","M":"GRM is shutting down...  👋 !"}
{"L":"INFO","T":"2022-07-19T16:00:14+03:00","C":"/home/grace/Music/GMS/GMS-main/app.go:34","M":"GRM is shutting down...  👋 !"}
{"L":"INFO","T":"2022-07-19T16:44:31+03:00","C":"/home/grace/Music/GMS/GMS-main/app.go:34","M":"GRM is shutting down...  👋 !"}
{"L":"INFO","T":"2022-07-19T17:08:36+03:00","C":"/home/grace/Music/GMS/GMS-main/app.go:34","M":"GRM is shutting down...  👋 !"}
{"L":"INFO","T":"2022-07-19T17:30:52+03:00","C":"/home/grace/Music/GMS/GMS-main/app.go:34","M":"GRM is shutting down...  👋 !"}
